Created by PLY version 3.4 (http://www.dabeaz.com/ply)

Unused terminals:

    COS
    LOG
    CEIL
    SINH
    SIN
    NEQ
    TANH
    LN
    TAN
    FLOOR
    ARCSIN
    ARCCOS
    COSH
    EQ
    SQRT
    ARCTAN

Grammar

Rule 0     S' -> statement
Rule 1     statement -> VAR = expression
Rule 2     statement -> expression
Rule 3     expression -> expression + expression
Rule 4     expression -> expression - expression
Rule 5     expression -> expression * expression
Rule 6     expression -> expression / expression
Rule 7     expression -> expression % expression
Rule 8     expression -> expression ^ expression
Rule 9     expression -> - expression
Rule 10    expression -> ( expression )
Rule 11    expression -> NUMBER
Rule 12    expression -> VAR

Terminals, with rules where they appear

%                    : 7
(                    : 10
)                    : 10
*                    : 5
+                    : 3
-                    : 4 9
/                    : 6
=                    : 1
ARCCOS               : 
ARCSIN               : 
ARCTAN               : 
CEIL                 : 
COS                  : 
COSH                 : 
EQ                   : 
FLOOR                : 
LN                   : 
LOG                  : 
NEQ                  : 
NUMBER               : 11
SIN                  : 
SINH                 : 
SQRT                 : 
TAN                  : 
TANH                 : 
VAR                  : 1 12
^                    : 8
error                : 

Nonterminals, with rules where they appear

expression           : 1 2 3 3 4 4 5 5 6 6 7 7 8 8 9 10
statement            : 0

Parsing method: LALR

state 0

    (0) S' -> . statement
    (1) statement -> . VAR = expression
    (2) statement -> . expression
    (3) expression -> . expression + expression
    (4) expression -> . expression - expression
    (5) expression -> . expression * expression
    (6) expression -> . expression / expression
    (7) expression -> . expression % expression
    (8) expression -> . expression ^ expression
    (9) expression -> . - expression
    (10) expression -> . ( expression )
    (11) expression -> . NUMBER
    (12) expression -> . VAR

    VAR             shift and go to state 5
    -               shift and go to state 1
    (               shift and go to state 4
    NUMBER          shift and go to state 2

    expression                     shift and go to state 6
    statement                      shift and go to state 3

state 1

    (9) expression -> - . expression
    (3) expression -> . expression + expression
    (4) expression -> . expression - expression
    (5) expression -> . expression * expression
    (6) expression -> . expression / expression
    (7) expression -> . expression % expression
    (8) expression -> . expression ^ expression
    (9) expression -> . - expression
    (10) expression -> . ( expression )
    (11) expression -> . NUMBER
    (12) expression -> . VAR

    -               shift and go to state 1
    (               shift and go to state 4
    NUMBER          shift and go to state 2
    VAR             shift and go to state 7

    expression                     shift and go to state 8

state 2

    (11) expression -> NUMBER .

    )               reduce using rule 11 (expression -> NUMBER .)
    +               reduce using rule 11 (expression -> NUMBER .)
    -               reduce using rule 11 (expression -> NUMBER .)
    *               reduce using rule 11 (expression -> NUMBER .)
    /               reduce using rule 11 (expression -> NUMBER .)
    %               reduce using rule 11 (expression -> NUMBER .)
    ^               reduce using rule 11 (expression -> NUMBER .)
    $end            reduce using rule 11 (expression -> NUMBER .)


state 3

    (0) S' -> statement .



state 4

    (10) expression -> ( . expression )
    (3) expression -> . expression + expression
    (4) expression -> . expression - expression
    (5) expression -> . expression * expression
    (6) expression -> . expression / expression
    (7) expression -> . expression % expression
    (8) expression -> . expression ^ expression
    (9) expression -> . - expression
    (10) expression -> . ( expression )
    (11) expression -> . NUMBER
    (12) expression -> . VAR

    -               shift and go to state 1
    (               shift and go to state 4
    NUMBER          shift and go to state 2
    VAR             shift and go to state 7

    expression                     shift and go to state 9

state 5

    (1) statement -> VAR . = expression
    (12) expression -> VAR .

    =               shift and go to state 10
    +               reduce using rule 12 (expression -> VAR .)
    -               reduce using rule 12 (expression -> VAR .)
    *               reduce using rule 12 (expression -> VAR .)
    /               reduce using rule 12 (expression -> VAR .)
    %               reduce using rule 12 (expression -> VAR .)
    ^               reduce using rule 12 (expression -> VAR .)
    $end            reduce using rule 12 (expression -> VAR .)


state 6

    (2) statement -> expression .
    (3) expression -> expression . + expression
    (4) expression -> expression . - expression
    (5) expression -> expression . * expression
    (6) expression -> expression . / expression
    (7) expression -> expression . % expression
    (8) expression -> expression . ^ expression

    $end            reduce using rule 2 (statement -> expression .)
    +               shift and go to state 12
    -               shift and go to state 14
    *               shift and go to state 13
    /               shift and go to state 15
    %               shift and go to state 11
    ^               shift and go to state 16


state 7

    (12) expression -> VAR .

    )               reduce using rule 12 (expression -> VAR .)
    +               reduce using rule 12 (expression -> VAR .)
    -               reduce using rule 12 (expression -> VAR .)
    *               reduce using rule 12 (expression -> VAR .)
    /               reduce using rule 12 (expression -> VAR .)
    %               reduce using rule 12 (expression -> VAR .)
    ^               reduce using rule 12 (expression -> VAR .)
    $end            reduce using rule 12 (expression -> VAR .)


state 8

    (9) expression -> - expression .
    (3) expression -> expression . + expression
    (4) expression -> expression . - expression
    (5) expression -> expression . * expression
    (6) expression -> expression . / expression
    (7) expression -> expression . % expression
    (8) expression -> expression . ^ expression

    )               reduce using rule 9 (expression -> - expression .)
    +               reduce using rule 9 (expression -> - expression .)
    -               reduce using rule 9 (expression -> - expression .)
    *               reduce using rule 9 (expression -> - expression .)
    /               reduce using rule 9 (expression -> - expression .)
    %               reduce using rule 9 (expression -> - expression .)
    ^               reduce using rule 9 (expression -> - expression .)
    $end            reduce using rule 9 (expression -> - expression .)

  ! +               [ shift and go to state 12 ]
  ! -               [ shift and go to state 14 ]
  ! *               [ shift and go to state 13 ]
  ! /               [ shift and go to state 15 ]
  ! %               [ shift and go to state 11 ]
  ! ^               [ shift and go to state 16 ]


state 9

    (10) expression -> ( expression . )
    (3) expression -> expression . + expression
    (4) expression -> expression . - expression
    (5) expression -> expression . * expression
    (6) expression -> expression . / expression
    (7) expression -> expression . % expression
    (8) expression -> expression . ^ expression

    )               shift and go to state 17
    +               shift and go to state 12
    -               shift and go to state 14
    *               shift and go to state 13
    /               shift and go to state 15
    %               shift and go to state 11
    ^               shift and go to state 16


state 10

    (1) statement -> VAR = . expression
    (3) expression -> . expression + expression
    (4) expression -> . expression - expression
    (5) expression -> . expression * expression
    (6) expression -> . expression / expression
    (7) expression -> . expression % expression
    (8) expression -> . expression ^ expression
    (9) expression -> . - expression
    (10) expression -> . ( expression )
    (11) expression -> . NUMBER
    (12) expression -> . VAR

    -               shift and go to state 1
    (               shift and go to state 4
    NUMBER          shift and go to state 2
    VAR             shift and go to state 7

    expression                     shift and go to state 18

state 11

    (7) expression -> expression % . expression
    (3) expression -> . expression + expression
    (4) expression -> . expression - expression
    (5) expression -> . expression * expression
    (6) expression -> . expression / expression
    (7) expression -> . expression % expression
    (8) expression -> . expression ^ expression
    (9) expression -> . - expression
    (10) expression -> . ( expression )
    (11) expression -> . NUMBER
    (12) expression -> . VAR

    -               shift and go to state 1
    (               shift and go to state 4
    NUMBER          shift and go to state 2
    VAR             shift and go to state 7

    expression                     shift and go to state 19

state 12

    (3) expression -> expression + . expression
    (3) expression -> . expression + expression
    (4) expression -> . expression - expression
    (5) expression -> . expression * expression
    (6) expression -> . expression / expression
    (7) expression -> . expression % expression
    (8) expression -> . expression ^ expression
    (9) expression -> . - expression
    (10) expression -> . ( expression )
    (11) expression -> . NUMBER
    (12) expression -> . VAR

    -               shift and go to state 1
    (               shift and go to state 4
    NUMBER          shift and go to state 2
    VAR             shift and go to state 7

    expression                     shift and go to state 20

state 13

    (5) expression -> expression * . expression
    (3) expression -> . expression + expression
    (4) expression -> . expression - expression
    (5) expression -> . expression * expression
    (6) expression -> . expression / expression
    (7) expression -> . expression % expression
    (8) expression -> . expression ^ expression
    (9) expression -> . - expression
    (10) expression -> . ( expression )
    (11) expression -> . NUMBER
    (12) expression -> . VAR

    -               shift and go to state 1
    (               shift and go to state 4
    NUMBER          shift and go to state 2
    VAR             shift and go to state 7

    expression                     shift and go to state 21

state 14

    (4) expression -> expression - . expression
    (3) expression -> . expression + expression
    (4) expression -> . expression - expression
    (5) expression -> . expression * expression
    (6) expression -> . expression / expression
    (7) expression -> . expression % expression
    (8) expression -> . expression ^ expression
    (9) expression -> . - expression
    (10) expression -> . ( expression )
    (11) expression -> . NUMBER
    (12) expression -> . VAR

    -               shift and go to state 1
    (               shift and go to state 4
    NUMBER          shift and go to state 2
    VAR             shift and go to state 7

    expression                     shift and go to state 22

state 15

    (6) expression -> expression / . expression
    (3) expression -> . expression + expression
    (4) expression -> . expression - expression
    (5) expression -> . expression * expression
    (6) expression -> . expression / expression
    (7) expression -> . expression % expression
    (8) expression -> . expression ^ expression
    (9) expression -> . - expression
    (10) expression -> . ( expression )
    (11) expression -> . NUMBER
    (12) expression -> . VAR

    -               shift and go to state 1
    (               shift and go to state 4
    NUMBER          shift and go to state 2
    VAR             shift and go to state 7

    expression                     shift and go to state 23

state 16

    (8) expression -> expression ^ . expression
    (3) expression -> . expression + expression
    (4) expression -> . expression - expression
    (5) expression -> . expression * expression
    (6) expression -> . expression / expression
    (7) expression -> . expression % expression
    (8) expression -> . expression ^ expression
    (9) expression -> . - expression
    (10) expression -> . ( expression )
    (11) expression -> . NUMBER
    (12) expression -> . VAR

    -               shift and go to state 1
    (               shift and go to state 4
    NUMBER          shift and go to state 2
    VAR             shift and go to state 7

    expression                     shift and go to state 24

state 17

    (10) expression -> ( expression ) .

    )               reduce using rule 10 (expression -> ( expression ) .)
    +               reduce using rule 10 (expression -> ( expression ) .)
    -               reduce using rule 10 (expression -> ( expression ) .)
    *               reduce using rule 10 (expression -> ( expression ) .)
    /               reduce using rule 10 (expression -> ( expression ) .)
    %               reduce using rule 10 (expression -> ( expression ) .)
    ^               reduce using rule 10 (expression -> ( expression ) .)
    $end            reduce using rule 10 (expression -> ( expression ) .)


state 18

    (1) statement -> VAR = expression .
    (3) expression -> expression . + expression
    (4) expression -> expression . - expression
    (5) expression -> expression . * expression
    (6) expression -> expression . / expression
    (7) expression -> expression . % expression
    (8) expression -> expression . ^ expression

    $end            reduce using rule 1 (statement -> VAR = expression .)
    +               shift and go to state 12
    -               shift and go to state 14
    *               shift and go to state 13
    /               shift and go to state 15
    %               shift and go to state 11
    ^               shift and go to state 16


state 19

    (7) expression -> expression % expression .
    (3) expression -> expression . + expression
    (4) expression -> expression . - expression
    (5) expression -> expression . * expression
    (6) expression -> expression . / expression
    (7) expression -> expression . % expression
    (8) expression -> expression . ^ expression

    )               reduce using rule 7 (expression -> expression % expression .)
    +               reduce using rule 7 (expression -> expression % expression .)
    -               reduce using rule 7 (expression -> expression % expression .)
    *               reduce using rule 7 (expression -> expression % expression .)
    /               reduce using rule 7 (expression -> expression % expression .)
    %               reduce using rule 7 (expression -> expression % expression .)
    ^               reduce using rule 7 (expression -> expression % expression .)
    $end            reduce using rule 7 (expression -> expression % expression .)

  ! +               [ shift and go to state 12 ]
  ! -               [ shift and go to state 14 ]
  ! *               [ shift and go to state 13 ]
  ! /               [ shift and go to state 15 ]
  ! %               [ shift and go to state 11 ]
  ! ^               [ shift and go to state 16 ]


state 20

    (3) expression -> expression + expression .
    (3) expression -> expression . + expression
    (4) expression -> expression . - expression
    (5) expression -> expression . * expression
    (6) expression -> expression . / expression
    (7) expression -> expression . % expression
    (8) expression -> expression . ^ expression

    )               reduce using rule 3 (expression -> expression + expression .)
    +               reduce using rule 3 (expression -> expression + expression .)
    -               reduce using rule 3 (expression -> expression + expression .)
    $end            reduce using rule 3 (expression -> expression + expression .)
    *               shift and go to state 13
    /               shift and go to state 15
    %               shift and go to state 11
    ^               shift and go to state 16

  ! *               [ reduce using rule 3 (expression -> expression + expression .) ]
  ! /               [ reduce using rule 3 (expression -> expression + expression .) ]
  ! %               [ reduce using rule 3 (expression -> expression + expression .) ]
  ! ^               [ reduce using rule 3 (expression -> expression + expression .) ]
  ! +               [ shift and go to state 12 ]
  ! -               [ shift and go to state 14 ]


state 21

    (5) expression -> expression * expression .
    (3) expression -> expression . + expression
    (4) expression -> expression . - expression
    (5) expression -> expression . * expression
    (6) expression -> expression . / expression
    (7) expression -> expression . % expression
    (8) expression -> expression . ^ expression

    )               reduce using rule 5 (expression -> expression * expression .)
    +               reduce using rule 5 (expression -> expression * expression .)
    -               reduce using rule 5 (expression -> expression * expression .)
    *               reduce using rule 5 (expression -> expression * expression .)
    /               reduce using rule 5 (expression -> expression * expression .)
    %               reduce using rule 5 (expression -> expression * expression .)
    ^               reduce using rule 5 (expression -> expression * expression .)
    $end            reduce using rule 5 (expression -> expression * expression .)

  ! +               [ shift and go to state 12 ]
  ! -               [ shift and go to state 14 ]
  ! *               [ shift and go to state 13 ]
  ! /               [ shift and go to state 15 ]
  ! %               [ shift and go to state 11 ]
  ! ^               [ shift and go to state 16 ]


state 22

    (4) expression -> expression - expression .
    (3) expression -> expression . + expression
    (4) expression -> expression . - expression
    (5) expression -> expression . * expression
    (6) expression -> expression . / expression
    (7) expression -> expression . % expression
    (8) expression -> expression . ^ expression

    )               reduce using rule 4 (expression -> expression - expression .)
    +               reduce using rule 4 (expression -> expression - expression .)
    -               reduce using rule 4 (expression -> expression - expression .)
    $end            reduce using rule 4 (expression -> expression - expression .)
    *               shift and go to state 13
    /               shift and go to state 15
    %               shift and go to state 11
    ^               shift and go to state 16

  ! *               [ reduce using rule 4 (expression -> expression - expression .) ]
  ! /               [ reduce using rule 4 (expression -> expression - expression .) ]
  ! %               [ reduce using rule 4 (expression -> expression - expression .) ]
  ! ^               [ reduce using rule 4 (expression -> expression - expression .) ]
  ! +               [ shift and go to state 12 ]
  ! -               [ shift and go to state 14 ]


state 23

    (6) expression -> expression / expression .
    (3) expression -> expression . + expression
    (4) expression -> expression . - expression
    (5) expression -> expression . * expression
    (6) expression -> expression . / expression
    (7) expression -> expression . % expression
    (8) expression -> expression . ^ expression

    )               reduce using rule 6 (expression -> expression / expression .)
    +               reduce using rule 6 (expression -> expression / expression .)
    -               reduce using rule 6 (expression -> expression / expression .)
    *               reduce using rule 6 (expression -> expression / expression .)
    /               reduce using rule 6 (expression -> expression / expression .)
    %               reduce using rule 6 (expression -> expression / expression .)
    ^               reduce using rule 6 (expression -> expression / expression .)
    $end            reduce using rule 6 (expression -> expression / expression .)

  ! +               [ shift and go to state 12 ]
  ! -               [ shift and go to state 14 ]
  ! *               [ shift and go to state 13 ]
  ! /               [ shift and go to state 15 ]
  ! %               [ shift and go to state 11 ]
  ! ^               [ shift and go to state 16 ]


state 24

    (8) expression -> expression ^ expression .
    (3) expression -> expression . + expression
    (4) expression -> expression . - expression
    (5) expression -> expression . * expression
    (6) expression -> expression . / expression
    (7) expression -> expression . % expression
    (8) expression -> expression . ^ expression

    )               reduce using rule 8 (expression -> expression ^ expression .)
    +               reduce using rule 8 (expression -> expression ^ expression .)
    -               reduce using rule 8 (expression -> expression ^ expression .)
    *               reduce using rule 8 (expression -> expression ^ expression .)
    /               reduce using rule 8 (expression -> expression ^ expression .)
    %               reduce using rule 8 (expression -> expression ^ expression .)
    ^               reduce using rule 8 (expression -> expression ^ expression .)
    $end            reduce using rule 8 (expression -> expression ^ expression .)

  ! +               [ shift and go to state 12 ]
  ! -               [ shift and go to state 14 ]
  ! *               [ shift and go to state 13 ]
  ! /               [ shift and go to state 15 ]
  ! %               [ shift and go to state 11 ]
  ! ^               [ shift and go to state 16 ]

